Using pre-set license
Built from '2022.3/staging' branch; Version is '2022.3.1f1 (f18e0c1b5784) revision 15830540'; Using compiler version '192829333'; Build Type 'Release'
OS: 'Windows 10  (10.0.19045) 64bit Professional' Language: 'ru' Physical Memory: 16175 MB
BatchMode: 1, IsHumanControllingUs: 0, StartBugReporterOnCrash: 0, Is64bit: 1, IsPro: 1

COMMAND LINE ARGUMENTS:
D:\2022.3.1f1\Editor\Unity.exe
-adb2
-batchMode
-noUpm
-name
AssetImportWorker0
-projectPath
D:/Shooting range
-logFile
Logs/AssetImportWorker0.log
-srvPort
65507
Successfully changed project path to: D:/Shooting range
D:/Shooting range
[UnityMemory] Configuration Parameters - Can be set up in boot.config
    "memorysetup-bucket-allocator-granularity=16"
    "memorysetup-bucket-allocator-bucket-count=8"
    "memorysetup-bucket-allocator-block-size=33554432"
    "memorysetup-bucket-allocator-block-count=8"
    "memorysetup-main-allocator-block-size=16777216"
    "memorysetup-thread-allocator-block-size=16777216"
    "memorysetup-gfx-main-allocator-block-size=16777216"
    "memorysetup-gfx-thread-allocator-block-size=16777216"
    "memorysetup-cache-allocator-block-size=4194304"
    "memorysetup-typetree-allocator-block-size=2097152"
    "memorysetup-profiler-bucket-allocator-granularity=16"
    "memorysetup-profiler-bucket-allocator-bucket-count=8"
    "memorysetup-profiler-bucket-allocator-block-size=33554432"
    "memorysetup-profiler-bucket-allocator-block-count=8"
    "memorysetup-profiler-allocator-block-size=16777216"
    "memorysetup-profiler-editor-allocator-block-size=1048576"
    "memorysetup-temp-allocator-size-main=16777216"
    "memorysetup-job-temp-allocator-block-size=2097152"
    "memorysetup-job-temp-allocator-block-size-background=1048576"
    "memorysetup-job-temp-allocator-reduction-small-platforms=262144"
    "memorysetup-allocator-temp-initial-block-size-main=262144"
    "memorysetup-allocator-temp-initial-block-size-worker=262144"
    "memorysetup-temp-allocator-size-background-worker=32768"
    "memorysetup-temp-allocator-size-job-worker=262144"
    "memorysetup-temp-allocator-size-preload-manager=33554432"
    "memorysetup-temp-allocator-size-nav-mesh-worker=65536"
    "memorysetup-temp-allocator-size-audio-worker=65536"
    "memorysetup-temp-allocator-size-cloud-worker=32768"
    "memorysetup-temp-allocator-size-gi-baking-worker=262144"
    "memorysetup-temp-allocator-size-gfx=262144"
Player connection [21700] Host "[IP] 10.0.85.2 [Port] 0 [Flags] 2 [Guid] 428774572 [EditorId] 428774572 [Version] 1048832 [Id] WindowsEditor(7,DESKTOP-P35B5L1) [Debug] 1 [PackageName] WindowsEditor [ProjectName] Editor" joined multi-casting on [225.0.0.222:54997]...

Player connection [21700] Host "[IP] 10.0.85.2 [Port] 0 [Flags] 2 [Guid] 428774572 [EditorId] 428774572 [Version] 1048832 [Id] WindowsEditor(7,DESKTOP-P35B5L1) [Debug] 1 [PackageName] WindowsEditor [ProjectName] Editor" joined alternative multi-casting on [225.0.0.222:34997]...

Refreshing native plugins compatible for Editor in 3.98 ms, found 3 plugins.
Preloading 0 native plugins for Editor in 0.00 ms.
Initialize engine version: 2022.3.1f1 (f18e0c1b5784)
[Subsystems] Discovering subsystems at path D:/2022.3.1f1/Editor/Data/Resources/UnitySubsystems
[Subsystems] Discovering subsystems at path D:/Shooting range/Assets
GfxDevice: creating device client; threaded=0; jobified=0
Direct3D:
    Version:  Direct3D 11.0 [level 11.1]
    Renderer: NVIDIA GeForce RTX 3050 (ID=0x2507)
    Vendor:   NVIDIA
    VRAM:     8042 MB
    Driver:   32.0.15.6094
Initialize mono
Mono path[0] = 'D:/2022.3.1f1/Editor/Data/Managed'
Mono path[1] = 'D:/2022.3.1f1/Editor/Data/MonoBleedingEdge/lib/mono/unityjit-win32'
Mono config path = 'D:/2022.3.1f1/Editor/Data/MonoBleedingEdge/etc'
Using monoOptions --debugger-agent=transport=dt_socket,embedding=1,server=y,suspend=n,address=127.0.0.1:56828
Begin MonoManager ReloadAssembly
Registering precompiled unity dll's ...
Register platform support module: D:/2022.3.1f1/Editor/Data/PlaybackEngines/WindowsStandaloneSupport/UnityEditor.WindowsStandalone.Extensions.dll
Registered in 0.002715 seconds.
- Loaded All Assemblies, in  0.259 seconds
Native extension for WindowsStandalone target not found
Mono: successfully reloaded assembly
- Finished resetting the current domain, in  0.214 seconds
Domain Reload Profiling: 473ms
	BeginReloadAssembly (70ms)
		ExecutionOrderSort (0ms)
		DisableScriptedObjects (0ms)
		BackupInstance (0ms)
		ReleaseScriptingObjects (0ms)
		CreateAndSetChildDomain (1ms)
	RebuildCommonClasses (27ms)
	RebuildNativeTypeToScriptingClass (8ms)
	initialDomainReloadingComplete (43ms)
	LoadAllAssembliesAndSetupDomain (111ms)
		LoadAssemblies (69ms)
		RebuildTransferFunctionScriptingTraits (0ms)
		AnalyzeDomain (109ms)
			TypeCache.Refresh (108ms)
				TypeCache.ScanAssembly (99ms)
			ScanForSourceGeneratedMonoScriptInfo (0ms)
			ResolveRequiredComponents (0ms)
	FinalizeReload (215ms)
		ReleaseScriptCaches (0ms)
		RebuildScriptCaches (0ms)
		SetupLoadedEditorAssemblies (165ms)
			LogAssemblyErrors (0ms)
			InitializePlatformSupportModulesInManaged (7ms)
			SetLoadedEditorAssemblies (7ms)
			RefreshPlugins (0ms)
			BeforeProcessingInitializeOnLoad (2ms)
			ProcessInitializeOnLoadAttributes (107ms)
			ProcessInitializeOnLoadMethodAttributes (41ms)
			AfterProcessingInitializeOnLoad (0ms)
			EditorAssembliesLoaded (0ms)
		ExecutionOrderSort2 (0ms)
		AwakeInstancesAfterBackupRestoration (0ms)
========================================================================
Worker process is ready to serve import requests
Begin MonoManager ReloadAssembly
Symbol file LoadedFromMemory doesn't match image D:\Shooting range\Library\PackageCache\com.unity.visualscripting@1.8.0\Editor\VisualScripting.Core\Dependencies\YamlDotNet\Unity.VisualScripting.YamlDotNet.dll
Symbol file LoadedFromMemory doesn't match image D:\Shooting range\Library\PackageCache\com.unity.visualscripting@1.8.0\Editor\VisualScripting.Core\Dependencies\DotNetZip\Unity.VisualScripting.IonicZip.dll
- Loaded All Assemblies, in  0.611 seconds
Refreshing native plugins compatible for Editor in 1.00 ms, found 3 plugins.
Native extension for WindowsStandalone target not found
Mono: successfully reloaded assembly
- Finished resetting the current domain, in  0.541 seconds
Domain Reload Profiling: 1152ms
	BeginReloadAssembly (98ms)
		ExecutionOrderSort (0ms)
		DisableScriptedObjects (4ms)
		BackupInstance (0ms)
		ReleaseScriptingObjects (0ms)
		CreateAndSetChildDomain (18ms)
	RebuildCommonClasses (28ms)
	RebuildNativeTypeToScriptingClass (9ms)
	initialDomainReloadingComplete (29ms)
	LoadAllAssembliesAndSetupDomain (446ms)
		LoadAssemblies (233ms)
		RebuildTransferFunctionScriptingTraits (0ms)
		AnalyzeDomain (259ms)
			TypeCache.Refresh (245ms)
				TypeCache.ScanAssembly (231ms)
			ScanForSourceGeneratedMonoScriptInfo (11ms)
			ResolveRequiredComponents (3ms)
	FinalizeReload (541ms)
		ReleaseScriptCaches (0ms)
		RebuildScriptCaches (0ms)
		SetupLoadedEditorAssemblies (403ms)
			LogAssemblyErrors (0ms)
			InitializePlatformSupportModulesInManaged (4ms)
			SetLoadedEditorAssemblies (4ms)
			RefreshPlugins (0ms)
			BeforeProcessingInitializeOnLoad (73ms)
			ProcessInitializeOnLoadAttributes (300ms)
			ProcessInitializeOnLoadMethodAttributes (20ms)
			AfterProcessingInitializeOnLoad (2ms)
			EditorAssembliesLoaded (0ms)
		ExecutionOrderSort2 (0ms)
		AwakeInstancesAfterBackupRestoration (6ms)
Launched and connected shader compiler UnityShaderCompiler.exe after 0.06 seconds
Refreshing native plugins compatible for Editor in 1.12 ms, found 3 plugins.
Preloading 0 native plugins for Editor in 0.00 ms.
Unloading 3122 Unused Serialized files (Serialized files now loaded: 0)
Unloading 29 unused Assets / (56.4 KB). Loaded Objects now: 3589.
Memory consumption went from 116.9 MB to 116.9 MB.
Total: 2.767400 ms (FindLiveObjects: 0.222000 ms CreateObjectMapping: 0.147000 ms MarkObjects: 2.272300 ms  DeleteObjects: 0.125100 ms)

AssetImportParameters requested are different than current active one (requested -> active):
  custom:container-demuxer-ogg: 62fdf1f143b41e24485cea50d1cbac27 -> 
  custom:video-decoder-ogg-theora: a1e56fd34408186e4bbccfd4996cb3dc -> 
  custom:framework-win-MediaFoundation: 216162199b28c13a410421893ffa2e32 -> 
  custom:container-demuxer-webm: 4f35f7cbe854078d1ac9338744f61a02 -> 
  custom:container-muxer-webm: aa71ff27fc2769a1b78a27578f13a17b -> 
  custom:video-decoder-webm-vp8: 9c59270c3fd7afecdb556c50c9e8de78 -> 
  custom:AudioImporter_EditorPlatform: d09bf68614088b80899f8185d706f6e7 -> 
  custom:video-encoder-webm-vp8: eb34c28f22e8b96e1ab97ce403110664 -> 
  custom:audio-decoder-ogg-vorbis: bf7c407c2cedff20999df2af8eb42d56 -> 
  custom:audio-encoder-webm-vorbis: bf7c407c2cedff20999df2af8eb42d56 -> 
========================================================================
Received Import Request.
  Time since last request: 10866.034366 seconds.
  path: Assets/CaptainCatSparrow/PBR_Materials/500_Materials/Textures/Panel/Panel_2_Normal.png
  artifactKey: Guid(ca09ae2f9218c8347aea524c89852c5d) Importer(815301076,1909f56bfc062723c751e8b465ee728b)
Start importing Assets/CaptainCatSparrow/PBR_Materials/500_Materials/Textures/Panel/Panel_2_Normal.png using Guid(ca09ae2f9218c8347aea524c89852c5d) Importer(815301076,1909f56bfc062723c751e8b465ee728b)  -> (artifact id: '1bcd424379d8c889f4644b53f3e133be') in 0.079865 seconds
Number of updated asset objects reloaded before import = 0
Number of asset objects unloaded after import = 2
========================================================================
Received Import Request.
  Time since last request: 20.158669 seconds.
  path: Assets/CaptainCatSparrow/PBR_Materials/500_Materials/Materials/Panel/mPanel_2.mat
  artifactKey: Guid(f9be59f175831094c874b94e8ae33337) Importer(815301076,1909f56bfc062723c751e8b465ee728b)
Start importing Assets/CaptainCatSparrow/PBR_Materials/500_Materials/Materials/Panel/mPanel_2.mat using Guid(f9be59f175831094c874b94e8ae33337) Importer(815301076,1909f56bfc062723c751e8b465ee728b)  -> (artifact id: '69704565ee7432868a23f526b3f65bc6') in 0.078076 seconds
Number of updated asset objects reloaded before import = 0
Number of asset objects unloaded after import = 6
========================================================================
Received Import Request.
  Time since last request: 1.601394 seconds.
  path: Assets/CaptainCatSparrow/PBR_Materials/500_Materials/Materials/Walls/mWall_2.mat
  artifactKey: Guid(d828d965dd3389d4baf10b61c8029800) Importer(815301076,1909f56bfc062723c751e8b465ee728b)
Start importing Assets/CaptainCatSparrow/PBR_Materials/500_Materials/Materials/Walls/mWall_2.mat using Guid(d828d965dd3389d4baf10b61c8029800) Importer(815301076,1909f56bfc062723c751e8b465ee728b)  -> (artifact id: 'a9eb720813140d08af894687bf8b933c') in 0.040191 seconds
Number of updated asset objects reloaded before import = 0
Number of asset objects unloaded after import = 6
========================================================================
Received Import Request.
  Time since last request: 0.000026 seconds.
  path: Assets/CaptainCatSparrow/PBR_Materials/500_Materials/Materials/Walls/mWall_5.mat
  artifactKey: Guid(21209381cf6024348a96a2b9d8c5d48a) Importer(815301076,1909f56bfc062723c751e8b465ee728b)
Start importing Assets/CaptainCatSparrow/PBR_Materials/500_Materials/Materials/Walls/mWall_5.mat using Guid(21209381cf6024348a96a2b9d8c5d48a) Importer(815301076,1909f56bfc062723c751e8b465ee728b)  -> (artifact id: '3540057fdb310335f0a2469a4bdf4a65') in 0.029182 seconds
Number of updated asset objects reloaded before import = 0
Number of asset objects unloaded after import = 6
========================================================================
Received Import Request.
  Time since last request: 0.000013 seconds.
  path: Assets/CaptainCatSparrow/PBR_Materials/500_Materials/Materials/Walls/mWall_4.mat
  artifactKey: Guid(4ba436b99e17b6e4fa83ff923eb032f4) Importer(815301076,1909f56bfc062723c751e8b465ee728b)
Start importing Assets/CaptainCatSparrow/PBR_Materials/500_Materials/Materials/Walls/mWall_4.mat using Guid(4ba436b99e17b6e4fa83ff923eb032f4) Importer(815301076,1909f56bfc062723c751e8b465ee728b)  -> (artifact id: 'e8472db79d5e89b28a6bc2f9d2bb4e1c') in 0.033435 seconds
Number of updated asset objects reloaded before import = 0
Number of asset objects unloaded after import = 6
========================================================================
Received Import Request.
  Time since last request: 2.771654 seconds.
  path: Assets/CaptainCatSparrow/PBR_Materials/500_Materials/Materials/Floor/mFloor_2.mat
  artifactKey: Guid(dea1d7c10d5aec9438808e4e23d35e61) Importer(815301076,1909f56bfc062723c751e8b465ee728b)
Start importing Assets/CaptainCatSparrow/PBR_Materials/500_Materials/Materials/Floor/mFloor_2.mat using Guid(dea1d7c10d5aec9438808e4e23d35e61) Importer(815301076,1909f56bfc062723c751e8b465ee728b)  -> (artifact id: '992fcf526254a4c2fc955c2c101b285b') in 0.033085 seconds
Number of updated asset objects reloaded before import = 0
Number of asset objects unloaded after import = 6
========================================================================
Received Import Request.
  Time since last request: 0.000013 seconds.
  path: Assets/CaptainCatSparrow/PBR_Materials/500_Materials/Materials/Floor/mFloor_4.mat
  artifactKey: Guid(8869447ca8e873a4086c377abf251576) Importer(815301076,1909f56bfc062723c751e8b465ee728b)
Start importing Assets/CaptainCatSparrow/PBR_Materials/500_Materials/Materials/Floor/mFloor_4.mat using Guid(8869447ca8e873a4086c377abf251576) Importer(815301076,1909f56bfc062723c751e8b465ee728b)  -> (artifact id: 'a08014d0b4d1d570401094e11491d8d1') in 0.031636 seconds
Number of updated asset objects reloaded before import = 0
Number of asset objects unloaded after import = 6
========================================================================
Received Import Request.
  Time since last request: 0.539251 seconds.
  path: Assets/CaptainCatSparrow/PBR_Materials/500_Materials/Materials/Ground/mGround_2.mat
  artifactKey: Guid(e0f91876e570b8d459fee1adf7b7d29a) Importer(815301076,1909f56bfc062723c751e8b465ee728b)
Start importing Assets/CaptainCatSparrow/PBR_Materials/500_Materials/Materials/Ground/mGround_2.mat using Guid(e0f91876e570b8d459fee1adf7b7d29a) Importer(815301076,1909f56bfc062723c751e8b465ee728b)  -> (artifact id: '769749cdcbcc5dbd03fca0b24078657f') in 0.034513 seconds
Number of updated asset objects reloaded before import = 0
Number of asset objects unloaded after import = 6
========================================================================
Received Import Request.
  Time since last request: 0.000014 seconds.
  path: Assets/CaptainCatSparrow/PBR_Materials/500_Materials/Materials/Ground/mGround_6.mat
  artifactKey: Guid(8e6879f7b2165944fa851e96e5c5877e) Importer(815301076,1909f56bfc062723c751e8b465ee728b)
Start importing Assets/CaptainCatSparrow/PBR_Materials/500_Materials/Materials/Ground/mGround_6.mat using Guid(8e6879f7b2165944fa851e96e5c5877e) Importer(815301076,1909f56bfc062723c751e8b465ee728b)  -> (artifact id: 'b6754cbcc981688bb43cf6234d363c87') in 0.032322 seconds
Number of updated asset objects reloaded before import = 0
Number of asset objects unloaded after import = 6
========================================================================
Received Import Request.
  Time since last request: 1.688223 seconds.
  path: Assets/CaptainCatSparrow/PBR_Materials/500_Materials/Materials/Floor/mFloor_10.mat
  artifactKey: Guid(01a6717046987e34aae97b1a7292e32e) Importer(815301076,1909f56bfc062723c751e8b465ee728b)
Start importing Assets/CaptainCatSparrow/PBR_Materials/500_Materials/Materials/Floor/mFloor_10.mat using Guid(01a6717046987e34aae97b1a7292e32e) Importer(815301076,1909f56bfc062723c751e8b465ee728b)  -> (artifact id: 'bfef0f741819d0322a3a2f3fb8650626') in 0.026020 seconds
Number of updated asset objects reloaded before import = 0
Number of asset objects unloaded after import = 6
========================================================================
Received Import Request.
  Time since last request: 28.296117 seconds.
  path: Assets/CaptainCatSparrow/PBR_Materials/500_Materials/Materials/Cloth/mCloth_3.mat
  artifactKey: Guid(42765f0df33b0cd48826e4bf5105b3c1) Importer(815301076,1909f56bfc062723c751e8b465ee728b)
Start importing Assets/CaptainCatSparrow/PBR_Materials/500_Materials/Materials/Cloth/mCloth_3.mat using Guid(42765f0df33b0cd48826e4bf5105b3c1) Importer(815301076,1909f56bfc062723c751e8b465ee728b)  -> (artifact id: '17596544bd720a059230efb6355f00c2') in 0.034875 seconds
Number of updated asset objects reloaded before import = 0
Number of asset objects unloaded after import = 6
Editor requested this worker to shutdown with reason: Scaling down because of idle timeout
TcpMessagingSession - receive error: operation aborted. errorcode: 995, details: ќпераци€ ввода/вывода была прервана из-за завершени€ потока команд или по запросу приложени€.
AssetImportWorker is now disconnected from the server
Process exiting
Exiting without the bug reporter. Application will terminate with return code 0